<?xml version="1.0" encoding="UTF-8"?>
<!-- Generated by org.testng.reporters.JUnitXMLReporter -->
<testsuite ignored="12" hostname="DESKTOP-20DIANQ" failures="0" tests="1" name="Surefire test" time="63.731" errors="0" timestamp="2023-12-13T23:29:41 EET">
  <testcase classname="Test.FullHappyScenarioTest" name="ShouldBeAbleToExecuteFullHappyPathScenario" time="60.452"/>
  <testcase classname="Test.SessionTest" name="ShouldBeAbleToCreateSession" time="0.0">
    <ignored/>
  </testcase> <!-- ShouldBeAbleToCreateSession -->
  <testcase classname="Test.VenueTest" name="ShouldBeAbleToCreateVenue" time="0.0">
    <ignored/>
  </testcase> <!-- ShouldBeAbleToCreateVenue -->
  <testcase classname="Test.AddTicketInsideSessionTest" name="ShouldBeAbleToAddTicketInsideSession" time="0.0">
    <ignored/>
  </testcase> <!-- ShouldBeAbleToAddTicketInsideSession -->
  <testcase classname="Test.AddTripTest" name="ShouldBeAbleToAddTripToParticipant" time="0.0">
    <ignored/>
  </testcase> <!-- ShouldBeAbleToAddTripToParticipant -->
  <testcase classname="Test.LoginTest" name="ShouldBeAbleToLoginWthEmailAndPassword" time="0.0">
    <ignored/>
  </testcase> <!-- ShouldBeAbleToLoginWthEmailAndPassword -->
  <testcase classname="Test.DeleteUserTest" name="ShouldBeAbleToDeleteUser" time="0.0">
    <ignored/>
  </testcase> <!-- ShouldBeAbleToDeleteUser -->
  <testcase classname="Test.DeleteEventTest" name="ShouldBeAbleToDeleteEvent" time="0.0">
    <ignored/>
  </testcase> <!-- ShouldBeAbleToDeleteEvent -->
  <testcase classname="Test.AccommodationTest" name="ShouldBeAbleToCreateRoomType" time="0.0">
    <ignored/>
  </testcase> <!-- ShouldBeAbleToCreateRoomType -->
  <testcase classname="Test.FullHappyScenarioTest" name="ShouldBeAbleToCreateFromScratchEvent" time="0.0">
    <ignored/>
  </testcase> <!-- ShouldBeAbleToCreateFromScratchEvent -->
  <testcase classname="Test.AccommodationTest" name="ShouldBeAbleToCreateStayAndRoom" time="0.0">
    <ignored/>
  </testcase> <!-- ShouldBeAbleToCreateStayAndRoom -->
  <testcase classname="Test.AddUserTest" name="ShouldBeAbleToCreateUser" time="0.0">
    <ignored/>
  </testcase> <!-- ShouldBeAbleToCreateUser -->
  <testcase classname="Test.ActivityTest" name="ShouldBeAbleToCreateActivity" time="0.0">
    <ignored/>
  </testcase> <!-- ShouldBeAbleToCreateActivity -->
</testsuite> <!-- Surefire test -->
